<?xml version="1.0" encoding="UTF-8"?>
<coverage generated="1779915439009" clover="3.2.0">
  <project timestamp="1779915439009" name="All files">
    <metrics statements="11" coveredstatements="10" conditionals="0" coveredconditionals="0" methods="4" coveredmethods="3" elements="15" coveredelements="13" complexity="0" loc="11" ncloc="11" packages="1" files="1" classes="1"/>
    <file name="App.jsx" path="C:\Users\Mercedes Ballesteros\OneDrive\Documentos\proyecto-jest\src\App.jsx">
      <metrics statements="11" coveredstatements="10" conditionals="0" coveredconditionals="0" methods="4" coveredmethods="3"/>
      <line num="4" count="5" type="stmt"/>
      <line num="5" count="5" type="stmt"/>
      <line num="7" count="5" type="stmt"/>
      <line num="8" count="1" type="stmt"/>
      <line num="11" count="5" type="stmt"/>
      <line num="12" count="0" type="stmt"/>
      <line num="15" count="5" type="stmt"/>
      <line num="16" count="1" type="stmt"/>
      <line num="19" count="5" type="stmt"/>
      <line num="21" count="5" type="stmt"/>
      <line num="23" count="5" type="stmt"/>
    </file>
  </project>
</coverage>
