{"C:\\Users\\Mercedes Ballesteros\\OneDrive\\Documentos\\proyecto-jest\\src\\App.jsx": {"path":"C:\\Users\\Mercedes Ballesteros\\OneDrive\\Documentos\\proyecto-jest\\src\\App.jsx","statementMap":{"0":{"start":{"line":4,"column":34},"end":{"line":4,"column":45}},"1":{"start":{"line":5,"column":32},"end":{"line":5,"column":44}},"2":{"start":{"line":7,"column":19},"end":{"line":9,"column":3}},"3":{"start":{"line":8,"column":4},"end":{"line":8,"column":29}},"4":{"start":{"line":11,"column":20},"end":{"line":13,"column":3}},"5":{"start":{"line":12,"column":4},"end":{"line":12,"column":29}},"6":{"start":{"line":15,"column":25},"end":{"line":17,"column":3}},"7":{"start":{"line":16,"column":4},"end":{"line":16,"column":49}},"8":{"start":{"line":19,"column":24},"end":{"line":19,"column":38}},"9":{"start":{"line":21,"column":0},"end":{"line":21,"column":30}},"10":{"start":{"line":23,"column":2},"end":{"line":42,"column":3}}},"fnMap":{"0":{"name":"App","decl":{"start":{"line":3,"column":9},"end":{"line":3,"column":12}},"loc":{"start":{"line":3,"column":15},"end":{"line":43,"column":1}},"line":3},"1":{"name":"(anonymous_1)","decl":{"start":{"line":7,"column":19},"end":{"line":7,"column":20}},"loc":{"start":{"line":7,"column":25},"end":{"line":9,"column":3}},"line":7},"2":{"name":"(anonymous_2)","decl":{"start":{"line":11,"column":20},"end":{"line":11,"column":21}},"loc":{"start":{"line":11,"column":26},"end":{"line":13,"column":3}},"line":11},"3":{"name":"(anonymous_3)","decl":{"start":{"line":15,"column":25},"end":{"line":15,"column":26}},"loc":{"start":{"line":15,"column":31},"end":{"line":17,"column":3}},"line":15}},"branchMap":{},"s":{"0":5,"1":5,"2":5,"3":1,"4":5,"5":0,"6":5,"7":1,"8":5,"9":5,"10":5},"f":{"0":5,"1":1,"2":0,"3":1},"b":{},"_coverageSchema":"1a1c01bbd47fc00a2c39e90264f33305004495a9","hash":"4e29d7548bfb1bd7c20041e7f94a22cc66a204e8"}
}
